<?xml version="1.0" encoding="UTF-8"?>
<testsuite xmlns:xsi="http://www.w3.org/2001/XMLSchema-instance" xsi:noNamespaceSchemaLocation="https://maven.apache.org/surefire/maven-surefire-plugin/xsd/surefire-test-report.xsd" name="com.studentmanagementsystem.vehicleservice.VehicleServiceApplicationTests" time="4.155" tests="1" errors="0" skipped="0" failures="0">
  <properties>
    <property name="java.specification.version" value="21"/>
    <property name="sun.jnu.encoding" value="UTF-8"/>
    <property name="java.class.path" value="/home/isuru/ලිපි/spring-boot/microservice-combine/vehicle-service/target/test-classes:/home/isuru/ලිපි/spring-boot/microservice-combine/vehicle-service/target/classes:/home/isuru/.m2/repository/org/springframework/boot/spring-boot-starter-data-mongodb/2.7.16/spring-boot-starter-data-mongodb-2.7.16.jar:/home/isuru/.m2/repository/org/springframework/boot/spring-boot-starter/2.7.16/spring-boot-starter-2.7.16.jar:/home/isuru/.m2/repository/org/springframework/boot/spring-boot/2.7.16/spring-boot-2.7.16.jar:/home/isuru/.m2/repository/org/springframework/boot/spring-boot-autoconfigure/2.7.16/spring-boot-autoconfigure-2.7.16.jar:/home/isuru/.m2/repository/org/springframework/boot/spring-boot-starter-logging/2.7.16/spring-boot-starter-logging-2.7.16.jar:/home/isuru/.m2/repository/ch/qos/logback/logback-classic/1.2.12/logback-classic-1.2.12.jar:/home/isuru/.m2/repository/ch/qos/logback/logback-core/1.2.12/logback-core-1.2.12.jar:/home/isuru/.m2/repository/org/apache/logging/log4j/log4j-to-slf4j/2.17.2/log4j-to-slf4j-2.17.2.jar:/home/isuru/.m2/repository/org/apache/logging/log4j/log4j-api/2.17.2/log4j-api-2.17.2.jar:/home/isuru/.m2/repository/org/slf4j/jul-to-slf4j/1.7.36/jul-to-slf4j-1.7.36.jar:/home/isuru/.m2/repository/jakarta/annotation/jakarta.annotation-api/1.3.5/jakarta.annotation-api-1.3.5.jar:/home/isuru/.m2/repository/org/yaml/snakeyaml/1.30/snakeyaml-1.30.jar:/home/isuru/.m2/repository/org/mongodb/mongodb-driver-sync/4.6.1/mongodb-driver-sync-4.6.1.jar:/home/isuru/.m2/repository/org/mongodb/bson/4.6.1/bson-4.6.1.jar:/home/isuru/.m2/repository/org/mongodb/mongodb-driver-core/4.6.1/mongodb-driver-core-4.6.1.jar:/home/isuru/.m2/repository/org/mongodb/bson-record-codec/4.6.1/bson-record-codec-4.6.1.jar:/home/isuru/.m2/repository/org/springframework/data/spring-data-mongodb/3.4.16/spring-data-mongodb-3.4.16.jar:/home/isuru/.m2/repository/org/springframework/spring-tx/5.3.30/spring-tx-5.3.30.jar:/home/isuru/.m2/repository/org/springframework/spring-context/5.3.30/spring-context-5.3.30.jar:/home/isuru/.m2/repository/org/springframework/spring-beans/5.3.30/spring-beans-5.3.30.jar:/home/isuru/.m2/repository/org/springframework/spring-expression/5.3.30/spring-expression-5.3.30.jar:/home/isuru/.m2/repository/org/springframework/data/spring-data-commons/2.7.16/spring-data-commons-2.7.16.jar:/home/isuru/.m2/repository/org/slf4j/slf4j-api/1.7.36/slf4j-api-1.7.36.jar:/home/isuru/.m2/repository/org/modelmapper/modelmapper/3.1.1/modelmapper-3.1.1.jar:/home/isuru/.m2/repository/org/springframework/boot/spring-boot-starter-web/2.7.16/spring-boot-starter-web-2.7.16.jar:/home/isuru/.m2/repository/org/springframework/boot/spring-boot-starter-json/2.7.16/spring-boot-starter-json-2.7.16.jar:/home/isuru/.m2/repository/com/fasterxml/jackson/core/jackson-databind/2.13.5/jackson-databind-2.13.5.jar:/home/isuru/.m2/repository/com/fasterxml/jackson/core/jackson-annotations/2.13.5/jackson-annotations-2.13.5.jar:/home/isuru/.m2/repository/com/fasterxml/jackson/core/jackson-core/2.13.5/jackson-core-2.13.5.jar:/home/isuru/.m2/repository/com/fasterxml/jackson/datatype/jackson-datatype-jdk8/2.13.5/jackson-datatype-jdk8-2.13.5.jar:/home/isuru/.m2/repository/com/fasterxml/jackson/datatype/jackson-datatype-jsr310/2.13.5/jackson-datatype-jsr310-2.13.5.jar:/home/isuru/.m2/repository/com/fasterxml/jackson/module/jackson-module-parameter-names/2.13.5/jackson-module-parameter-names-2.13.5.jar:/home/isuru/.m2/repository/org/springframework/boot/spring-boot-starter-tomcat/2.7.16/spring-boot-starter-tomcat-2.7.16.jar:/home/isuru/.m2/repository/org/apache/tomcat/embed/tomcat-embed-core/9.0.80/tomcat-embed-core-9.0.80.jar:/home/isuru/.m2/repository/org/apache/tomcat/embed/tomcat-embed-el/9.0.80/tomcat-embed-el-9.0.80.jar:/home/isuru/.m2/repository/org/apache/tomcat/embed/tomcat-embed-websocket/9.0.80/tomcat-embed-websocket-9.0.80.jar:/home/isuru/.m2/repository/org/springframework/spring-web/5.3.30/spring-web-5.3.30.jar:/home/isuru/.m2/repository/org/springframework/spring-webmvc/5.3.30/spring-webmvc-5.3.30.jar:/home/isuru/.m2/repository/org/springframework/spring-aop/5.3.30/spring-aop-5.3.30.jar:/home/isuru/.m2/repository/org/projectlombok/lombok/1.18.30/lombok-1.18.30.jar:/home/isuru/.m2/repository/org/springframework/boot/spring-boot-starter-test/2.7.16/spring-boot-starter-test-2.7.16.jar:/home/isuru/.m2/repository/org/springframework/boot/spring-boot-test/2.7.16/spring-boot-test-2.7.16.jar:/home/isuru/.m2/repository/org/springframework/boot/spring-boot-test-autoconfigure/2.7.16/spring-boot-test-autoconfigure-2.7.16.jar:/home/isuru/.m2/repository/com/jayway/jsonpath/json-path/2.7.0/json-path-2.7.0.jar:/home/isuru/.m2/repository/net/minidev/json-smart/2.4.11/json-smart-2.4.11.jar:/home/isuru/.m2/repository/net/minidev/accessors-smart/2.4.11/accessors-smart-2.4.11.jar:/home/isuru/.m2/repository/org/ow2/asm/asm/9.3/asm-9.3.jar:/home/isuru/.m2/repository/jakarta/xml/bind/jakarta.xml.bind-api/2.3.3/jakarta.xml.bind-api-2.3.3.jar:/home/isuru/.m2/repository/jakarta/activation/jakarta.activation-api/1.2.2/jakarta.activation-api-1.2.2.jar:/home/isuru/.m2/repository/org/assertj/assertj-core/3.22.0/assertj-core-3.22.0.jar:/home/isuru/.m2/repository/org/hamcrest/hamcrest/2.2/hamcrest-2.2.jar:/home/isuru/.m2/repository/org/junit/jupiter/junit-jupiter/5.8.2/junit-jupiter-5.8.2.jar:/home/isuru/.m2/repository/org/junit/jupiter/junit-jupiter-api/5.8.2/junit-jupiter-api-5.8.2.jar:/home/isuru/.m2/repository/org/opentest4j/opentest4j/1.2.0/opentest4j-1.2.0.jar:/home/isuru/.m2/repository/org/junit/platform/junit-platform-commons/1.8.2/junit-platform-commons-1.8.2.jar:/home/isuru/.m2/repository/org/apiguardian/apiguardian-api/1.1.2/apiguardian-api-1.1.2.jar:/home/isuru/.m2/repository/org/junit/jupiter/junit-jupiter-params/5.8.2/junit-jupiter-params-5.8.2.jar:/home/isuru/.m2/repository/org/junit/jupiter/junit-jupiter-engine/5.8.2/junit-jupiter-engine-5.8.2.jar:/home/isuru/.m2/repository/org/junit/platform/junit-platform-engine/1.8.2/junit-platform-engine-1.8.2.jar:/home/isuru/.m2/repository/org/mockito/mockito-core/4.5.1/mockito-core-4.5.1.jar:/home/isuru/.m2/repository/net/bytebuddy/byte-buddy/1.12.23/byte-buddy-1.12.23.jar:/home/isuru/.m2/repository/net/bytebuddy/byte-buddy-agent/1.12.23/byte-buddy-agent-1.12.23.jar:/home/isuru/.m2/repository/org/objenesis/objenesis/3.2/objenesis-3.2.jar:/home/isuru/.m2/repository/org/mockito/mockito-junit-jupiter/4.5.1/mockito-junit-jupiter-4.5.1.jar:/home/isuru/.m2/repository/org/skyscreamer/jsonassert/1.5.1/jsonassert-1.5.1.jar:/home/isuru/.m2/repository/com/vaadin/external/google/android-json/0.0.20131108.vaadin1/android-json-0.0.20131108.vaadin1.jar:/home/isuru/.m2/repository/org/springframework/spring-core/5.3.30/spring-core-5.3.30.jar:/home/isuru/.m2/repository/org/springframework/spring-jcl/5.3.30/spring-jcl-5.3.30.jar:/home/isuru/.m2/repository/org/springframework/spring-test/5.3.30/spring-test-5.3.30.jar:/home/isuru/.m2/repository/org/xmlunit/xmlunit-core/2.9.1/xmlunit-core-2.9.1.jar:/home/isuru/.m2/repository/org/testcontainers/mongodb/1.19.5/mongodb-1.19.5.jar:/home/isuru/.m2/repository/org/testcontainers/testcontainers/1.19.5/testcontainers-1.19.5.jar:/home/isuru/.m2/repository/junit/junit/4.13.2/junit-4.13.2.jar:/home/isuru/.m2/repository/org/hamcrest/hamcrest-core/2.2/hamcrest-core-2.2.jar:/home/isuru/.m2/repository/org/apache/commons/commons-compress/1.24.0/commons-compress-1.24.0.jar:/home/isuru/.m2/repository/org/rnorth/duct-tape/duct-tape/1.0.8/duct-tape-1.0.8.jar:/home/isuru/.m2/repository/org/jetbrains/annotations/17.0.0/annotations-17.0.0.jar:/home/isuru/.m2/repository/com/github/docker-java/docker-java-api/3.3.4/docker-java-api-3.3.4.jar:/home/isuru/.m2/repository/com/github/docker-java/docker-java-transport-zerodep/3.3.4/docker-java-transport-zerodep-3.3.4.jar:/home/isuru/.m2/repository/com/github/docker-java/docker-java-transport/3.3.4/docker-java-transport-3.3.4.jar:/home/isuru/.m2/repository/net/java/dev/jna/jna/5.13.0/jna-5.13.0.jar:/home/isuru/.m2/repository/org/testcontainers/junit-jupiter/1.19.5/junit-jupiter-1.19.5.jar:"/>
    <property name="java.vm.vendor" value="Oracle Corporation"/>
    <property name="sun.arch.data.model" value="64"/>
    <property name="java.vendor.url" value="https://java.oracle.com/"/>
    <property name="os.name" value="Linux"/>
    <property name="java.vm.specification.version" value="21"/>
    <property name="sun.java.launcher" value="SUN_STANDARD"/>
    <property name="user.country" value="US"/>
    <property name="sun.boot.library.path" value="/opt/java/jdk-21.0.2/lib"/>
    <property name="sun.java.command" value="/home/isuru/ලිපි/spring-boot/microservice-combine/vehicle-service/target/surefire/surefirebooter2886800252015700325.jar /home/isuru/ලිපි/spring-boot/microservice-combine/vehicle-service/target/surefire 2024-02-23T09-44-03_399-jvmRun1 surefire6829438200887697721tmp surefire_13383410588630338355tmp"/>
    <property name="jdk.debug" value="release"/>
    <property name="surefire.test.class.path" value="/home/isuru/ලිපි/spring-boot/microservice-combine/vehicle-service/target/test-classes:/home/isuru/ලිපි/spring-boot/microservice-combine/vehicle-service/target/classes:/home/isuru/.m2/repository/org/springframework/boot/spring-boot-starter-data-mongodb/2.7.16/spring-boot-starter-data-mongodb-2.7.16.jar:/home/isuru/.m2/repository/org/springframework/boot/spring-boot-starter/2.7.16/spring-boot-starter-2.7.16.jar:/home/isuru/.m2/repository/org/springframework/boot/spring-boot/2.7.16/spring-boot-2.7.16.jar:/home/isuru/.m2/repository/org/springframework/boot/spring-boot-autoconfigure/2.7.16/spring-boot-autoconfigure-2.7.16.jar:/home/isuru/.m2/repository/org/springframework/boot/spring-boot-starter-logging/2.7.16/spring-boot-starter-logging-2.7.16.jar:/home/isuru/.m2/repository/ch/qos/logback/logback-classic/1.2.12/logback-classic-1.2.12.jar:/home/isuru/.m2/repository/ch/qos/logback/logback-core/1.2.12/logback-core-1.2.12.jar:/home/isuru/.m2/repository/org/apache/logging/log4j/log4j-to-slf4j/2.17.2/log4j-to-slf4j-2.17.2.jar:/home/isuru/.m2/repository/org/apache/logging/log4j/log4j-api/2.17.2/log4j-api-2.17.2.jar:/home/isuru/.m2/repository/org/slf4j/jul-to-slf4j/1.7.36/jul-to-slf4j-1.7.36.jar:/home/isuru/.m2/repository/jakarta/annotation/jakarta.annotation-api/1.3.5/jakarta.annotation-api-1.3.5.jar:/home/isuru/.m2/repository/org/yaml/snakeyaml/1.30/snakeyaml-1.30.jar:/home/isuru/.m2/repository/org/mongodb/mongodb-driver-sync/4.6.1/mongodb-driver-sync-4.6.1.jar:/home/isuru/.m2/repository/org/mongodb/bson/4.6.1/bson-4.6.1.jar:/home/isuru/.m2/repository/org/mongodb/mongodb-driver-core/4.6.1/mongodb-driver-core-4.6.1.jar:/home/isuru/.m2/repository/org/mongodb/bson-record-codec/4.6.1/bson-record-codec-4.6.1.jar:/home/isuru/.m2/repository/org/springframework/data/spring-data-mongodb/3.4.16/spring-data-mongodb-3.4.16.jar:/home/isuru/.m2/repository/org/springframework/spring-tx/5.3.30/spring-tx-5.3.30.jar:/home/isuru/.m2/repository/org/springframework/spring-context/5.3.30/spring-context-5.3.30.jar:/home/isuru/.m2/repository/org/springframework/spring-beans/5.3.30/spring-beans-5.3.30.jar:/home/isuru/.m2/repository/org/springframework/spring-expression/5.3.30/spring-expression-5.3.30.jar:/home/isuru/.m2/repository/org/springframework/data/spring-data-commons/2.7.16/spring-data-commons-2.7.16.jar:/home/isuru/.m2/repository/org/slf4j/slf4j-api/1.7.36/slf4j-api-1.7.36.jar:/home/isuru/.m2/repository/org/modelmapper/modelmapper/3.1.1/modelmapper-3.1.1.jar:/home/isuru/.m2/repository/org/springframework/boot/spring-boot-starter-web/2.7.16/spring-boot-starter-web-2.7.16.jar:/home/isuru/.m2/repository/org/springframework/boot/spring-boot-starter-json/2.7.16/spring-boot-starter-json-2.7.16.jar:/home/isuru/.m2/repository/com/fasterxml/jackson/core/jackson-databind/2.13.5/jackson-databind-2.13.5.jar:/home/isuru/.m2/repository/com/fasterxml/jackson/core/jackson-annotations/2.13.5/jackson-annotations-2.13.5.jar:/home/isuru/.m2/repository/com/fasterxml/jackson/core/jackson-core/2.13.5/jackson-core-2.13.5.jar:/home/isuru/.m2/repository/com/fasterxml/jackson/datatype/jackson-datatype-jdk8/2.13.5/jackson-datatype-jdk8-2.13.5.jar:/home/isuru/.m2/repository/com/fasterxml/jackson/datatype/jackson-datatype-jsr310/2.13.5/jackson-datatype-jsr310-2.13.5.jar:/home/isuru/.m2/repository/com/fasterxml/jackson/module/jackson-module-parameter-names/2.13.5/jackson-module-parameter-names-2.13.5.jar:/home/isuru/.m2/repository/org/springframework/boot/spring-boot-starter-tomcat/2.7.16/spring-boot-starter-tomcat-2.7.16.jar:/home/isuru/.m2/repository/org/apache/tomcat/embed/tomcat-embed-core/9.0.80/tomcat-embed-core-9.0.80.jar:/home/isuru/.m2/repository/org/apache/tomcat/embed/tomcat-embed-el/9.0.80/tomcat-embed-el-9.0.80.jar:/home/isuru/.m2/repository/org/apache/tomcat/embed/tomcat-embed-websocket/9.0.80/tomcat-embed-websocket-9.0.80.jar:/home/isuru/.m2/repository/org/springframework/spring-web/5.3.30/spring-web-5.3.30.jar:/home/isuru/.m2/repository/org/springframework/spring-webmvc/5.3.30/spring-webmvc-5.3.30.jar:/home/isuru/.m2/repository/org/springframework/spring-aop/5.3.30/spring-aop-5.3.30.jar:/home/isuru/.m2/repository/org/projectlombok/lombok/1.18.30/lombok-1.18.30.jar:/home/isuru/.m2/repository/org/springframework/boot/spring-boot-starter-test/2.7.16/spring-boot-starter-test-2.7.16.jar:/home/isuru/.m2/repository/org/springframework/boot/spring-boot-test/2.7.16/spring-boot-test-2.7.16.jar:/home/isuru/.m2/repository/org/springframework/boot/spring-boot-test-autoconfigure/2.7.16/spring-boot-test-autoconfigure-2.7.16.jar:/home/isuru/.m2/repository/com/jayway/jsonpath/json-path/2.7.0/json-path-2.7.0.jar:/home/isuru/.m2/repository/net/minidev/json-smart/2.4.11/json-smart-2.4.11.jar:/home/isuru/.m2/repository/net/minidev/accessors-smart/2.4.11/accessors-smart-2.4.11.jar:/home/isuru/.m2/repository/org/ow2/asm/asm/9.3/asm-9.3.jar:/home/isuru/.m2/repository/jakarta/xml/bind/jakarta.xml.bind-api/2.3.3/jakarta.xml.bind-api-2.3.3.jar:/home/isuru/.m2/repository/jakarta/activation/jakarta.activation-api/1.2.2/jakarta.activation-api-1.2.2.jar:/home/isuru/.m2/repository/org/assertj/assertj-core/3.22.0/assertj-core-3.22.0.jar:/home/isuru/.m2/repository/org/hamcrest/hamcrest/2.2/hamcrest-2.2.jar:/home/isuru/.m2/repository/org/junit/jupiter/junit-jupiter/5.8.2/junit-jupiter-5.8.2.jar:/home/isuru/.m2/repository/org/junit/jupiter/junit-jupiter-api/5.8.2/junit-jupiter-api-5.8.2.jar:/home/isuru/.m2/repository/org/opentest4j/opentest4j/1.2.0/opentest4j-1.2.0.jar:/home/isuru/.m2/repository/org/junit/platform/junit-platform-commons/1.8.2/junit-platform-commons-1.8.2.jar:/home/isuru/.m2/repository/org/apiguardian/apiguardian-api/1.1.2/apiguardian-api-1.1.2.jar:/home/isuru/.m2/repository/org/junit/jupiter/junit-jupiter-params/5.8.2/junit-jupiter-params-5.8.2.jar:/home/isuru/.m2/repository/org/junit/jupiter/junit-jupiter-engine/5.8.2/junit-jupiter-engine-5.8.2.jar:/home/isuru/.m2/repository/org/junit/platform/junit-platform-engine/1.8.2/junit-platform-engine-1.8.2.jar:/home/isuru/.m2/repository/org/mockito/mockito-core/4.5.1/mockito-core-4.5.1.jar:/home/isuru/.m2/repository/net/bytebuddy/byte-buddy/1.12.23/byte-buddy-1.12.23.jar:/home/isuru/.m2/repository/net/bytebuddy/byte-buddy-agent/1.12.23/byte-buddy-agent-1.12.23.jar:/home/isuru/.m2/repository/org/objenesis/objenesis/3.2/objenesis-3.2.jar:/home/isuru/.m2/repository/org/mockito/mockito-junit-jupiter/4.5.1/mockito-junit-jupiter-4.5.1.jar:/home/isuru/.m2/repository/org/skyscreamer/jsonassert/1.5.1/jsonassert-1.5.1.jar:/home/isuru/.m2/repository/com/vaadin/external/google/android-json/0.0.20131108.vaadin1/android-json-0.0.20131108.vaadin1.jar:/home/isuru/.m2/repository/org/springframework/spring-core/5.3.30/spring-core-5.3.30.jar:/home/isuru/.m2/repository/org/springframework/spring-jcl/5.3.30/spring-jcl-5.3.30.jar:/home/isuru/.m2/repository/org/springframework/spring-test/5.3.30/spring-test-5.3.30.jar:/home/isuru/.m2/repository/org/xmlunit/xmlunit-core/2.9.1/xmlunit-core-2.9.1.jar:/home/isuru/.m2/repository/org/testcontainers/mongodb/1.19.5/mongodb-1.19.5.jar:/home/isuru/.m2/repository/org/testcontainers/testcontainers/1.19.5/testcontainers-1.19.5.jar:/home/isuru/.m2/repository/junit/junit/4.13.2/junit-4.13.2.jar:/home/isuru/.m2/repository/org/hamcrest/hamcrest-core/2.2/hamcrest-core-2.2.jar:/home/isuru/.m2/repository/org/apache/commons/commons-compress/1.24.0/commons-compress-1.24.0.jar:/home/isuru/.m2/repository/org/rnorth/duct-tape/duct-tape/1.0.8/duct-tape-1.0.8.jar:/home/isuru/.m2/repository/org/jetbrains/annotations/17.0.0/annotations-17.0.0.jar:/home/isuru/.m2/repository/com/github/docker-java/docker-java-api/3.3.4/docker-java-api-3.3.4.jar:/home/isuru/.m2/repository/com/github/docker-java/docker-java-transport-zerodep/3.3.4/docker-java-transport-zerodep-3.3.4.jar:/home/isuru/.m2/repository/com/github/docker-java/docker-java-transport/3.3.4/docker-java-transport-3.3.4.jar:/home/isuru/.m2/repository/net/java/dev/jna/jna/5.13.0/jna-5.13.0.jar:/home/isuru/.m2/repository/org/testcontainers/junit-jupiter/1.19.5/junit-jupiter-1.19.5.jar:"/>
    <property name="sun.cpu.endian" value="little"/>
    <property name="user.home" value="/home/isuru"/>
    <property name="user.language" value="en"/>
    <property name="java.specification.vendor" value="Oracle Corporation"/>
    <property name="java.version.date" value="2024-01-16"/>
    <property name="java.home" value="/opt/java/jdk-21.0.2"/>
    <property name="file.separator" value="/"/>
    <property name="basedir" value="/home/isuru/ලිපි/spring-boot/microservice-combine/vehicle-service"/>
    <property name="java.vm.compressedOopsMode" value="32-bit"/>
    <property name="line.separator" value="&#10;"/>
    <property name="java.specification.name" value="Java Platform API Specification"/>
    <property name="java.vm.specification.vendor" value="Oracle Corporation"/>
    <property name="surefire.real.class.path" value="/home/isuru/ලිපි/spring-boot/microservice-combine/vehicle-service/target/surefire/surefirebooter2886800252015700325.jar"/>
    <property name="sun.management.compiler" value="HotSpot 64-Bit Tiered Compilers"/>
    <property name="java.runtime.version" value="21.0.2+13-LTS-58"/>
    <property name="user.name" value="isuru"/>
    <property name="stdout.encoding" value="UTF-8"/>
    <property name="path.separator" value=":"/>
    <property name="os.version" value="6.5.0-18-generic"/>
    <property name="java.runtime.name" value="Java(TM) SE Runtime Environment"/>
    <property name="file.encoding" value="UTF-8"/>
    <property name="java.vm.name" value="Java HotSpot(TM) 64-Bit Server VM"/>
    <property name="localRepository" value="/home/isuru/.m2/repository"/>
    <property name="java.vendor.url.bug" value="https://bugreport.java.com/bugreport/"/>
    <property name="java.io.tmpdir" value="/tmp"/>
    <property name="idea.version" value="2022.3.1"/>
    <property name="java.version" value="21.0.2"/>
    <property name="user.dir" value="/home/isuru/ලිපි/spring-boot/microservice-combine/vehicle-service"/>
    <property name="os.arch" value="amd64"/>
    <property name="java.vm.specification.name" value="Java Virtual Machine Specification"/>
    <property name="native.encoding" value="UTF-8"/>
    <property name="java.library.path" value="/usr/java/packages/lib:/usr/lib64:/lib64:/lib:/usr/lib"/>
    <property name="java.vm.info" value="mixed mode, sharing"/>
    <property name="stderr.encoding" value="UTF-8"/>
    <property name="java.vendor" value="Oracle Corporation"/>
    <property name="java.vm.version" value="21.0.2+13-LTS-58"/>
    <property name="sun.io.unicode.encoding" value="UnicodeLittle"/>
    <property name="java.class.version" value="65.0"/>
  </properties>
  <testcase name="shouldCreateVehicle" classname="com.studentmanagementsystem.vehicleservice.VehicleServiceApplicationTests" time="0.256"/>
</testsuite>